<?xml version="1.0" encoding="UTF-8"?>
<!-- Generated by org.testng.reporters.JUnitXMLReporter -->
<testsuite ignored="1" hostname="INLT2046" failures="0" tests="3" name="Test 1" time="0.043" errors="0" timestamp="2021-11-15T22:51:55 IST">
  <testcase classname="com.app.FirstTest" name="rMethod" time="0.002"/>
  <testcase classname="com.app.FirstTest" name="cMethod" time="0.005"/>
  <testcase classname="com.app.FirstTest" name="bMethod" time="0.001"/>
  <testcase classname="com.app.FirstTest" name="sMethod" time="0.0">
    <ignored/>
  </testcase> <!-- sMethod -->
</testsuite> <!-- Test 1 -->
