<?xml version="1.0" encoding="UTF-8"?>
<testsuite xmlns:xsi="http://www.w3.org/2001/XMLSchema-instance" xsi:noNamespaceSchemaLocation="https://maven.apache.org/surefire/maven-surefire-plugin/xsd/surefire-test-report-3.0.xsd" version="3.0" name="TestSuite" time="2.853" tests="3" errors="0" skipped="0" failures="0">
  <properties>
[...]
</properties>
  <testcase name="rMethod" classname="com.app.FirstTest" time="0.004">
    <system-out><![CDATA[Method R
]]></system-out>
  </testcase>
  <testcase name="cMethod" classname="com.app.FirstTest" time="0.003">
    <system-out><![CDATA[Method C
]]></system-out>
  </testcase>
  <testcase name="bMethod" classname="com.app.FirstTest" time="0.001">
    <system-out><![CDATA[Method B
]]></system-out>
  </testcase>
</testsuite>